
  ++++++++++++++++++++++++++++++++++++++++++++
  +     MAD-X 5.03.07  (64 bit, Linux)       +
  + Support: mad@cern.ch, http://cern.ch/mad +
  + Release   date: 2017.10.20               +
  + Execution date: 2017.12.13 09:01:50      +
  ++++++++++++++++++++++++++++++++++++++++++++
option, warn,info;

system,"rm -rf temp"; system,"mkdir temp";

system,"ln -fns /afs/cern.ch/eng/lhc/optics/HLLHCV1.3 slhc";

system,"ln -fns /afs/cern.ch/eng/lhc/optics/runIII lhc";



Option, -echo,-warn,-info;

++++++ warning: implicit element re-definition ignored: marks.l1
++++++ warning: implicit element re-definition ignored: marke.l1
++++++ warning: implicit element re-definition ignored: marke.r1
++++++ warning: implicit element re-definition ignored: marks.r1
++++++ warning: implicit element re-definition ignored: marks.l5
++++++ warning: implicit element re-definition ignored: marke.l5
++++++ warning: implicit element re-definition ignored: marke.r5
++++++ warning: implicit element re-definition ignored: marks.r5
++++++ warning: ignored because of unknown element: ms.10l1.b1
++++++ warning: ignored because of unknown element: ms.10r1.b1
++++++ warning: ignored because of unknown element: ms.10l5.b1
++++++ warning: ignored because of unknown element: ms.10r5.b1
++++++ warning: ignored because of unknown element: mcbh.10l1.b1
++++++ warning: ignored because of unknown element: mcbv.10r1.b1
++++++ warning: ignored because of unknown element: mcbh.10l5.b1
++++++ warning: ignored because of unknown element: mcbv.10r5.b1
++++++ warning: implicit element re-definition ignored: marks.l1
++++++ warning: implicit element re-definition ignored: marke.l1
++++++ warning: implicit element re-definition ignored: marke.r1
++++++ warning: implicit element re-definition ignored: marks.r1
++++++ warning: implicit element re-definition ignored: marks.l5
++++++ warning: implicit element re-definition ignored: marke.l5
++++++ warning: implicit element re-definition ignored: marke.r5
++++++ warning: implicit element re-definition ignored: marks.r5
++++++ warning: ignored because of unknown element: ms.10l1.b2
++++++ warning: ignored because of unknown element: ms.10r1.b2
++++++ warning: ignored because of unknown element: ms.10l5.b2
++++++ warning: ignored because of unknown element: ms.10r5.b2
++++++ warning: ignored because of unknown element: mcbv.10l1.b2
++++++ warning: ignored because of unknown element: mcbh.10r1.b2
++++++ warning: ignored because of unknown element: mcbv.10l5.b2
++++++ warning: ignored because of unknown element: mcbh.10r5.b2
postas             =              19.95 ;
posq1a             =              25.02 ;
posq1b             =             29.826 ;
posq2a             =             39.129 ;
posq2b             =             48.387 ;
posq3a             =              57.69 ;
posq3b             =             62.496 ;
posq1a             =              25.02 ;
posq1b             =             29.826 ;
posq2a             =             39.129 ;
posq2b             =             48.387 ;
posq3a             =              57.69 ;
posq3b             =             62.496 ;
kmax_mcbxfb        =        2.083333333 ;
posmcbxfba         =             34.466 ;
posmcbxfba         =             34.466 ;
posmcbxfbb         =              53.05 ;
posmcbxfbb         =              53.05 ;
posmcbxfa          =             68.443 ;
posmqsxf           =             70.249 ;
posmctxf           =             71.021 ;
posmctsxf          =             71.431 ;
posmcdxf           =              71.67 ;
posmcdsxf          =             71.912 ;
posmcoxf           =             72.154 ;
posmcosxf          =             72.396 ;
posmcsxf           =             72.644 ;
posmcssxf          =             72.898 ;
posmcbxfa          =             68.443 ;
posmcbxfa          =             68.443 ;
posmqsxf           =             70.249 ;
posmctxf           =             71.021 ;
posmctsxf          =             71.431 ;
posmcdxf           =              71.67 ;
posmcdsxf          =             71.912 ;
posmcoxf           =             72.154 ;
posmcosxf          =             72.396 ;
posmcsxf           =             72.644 ;
posmcssxf          =             72.898 ;
posd1              =             77.782 ;
posdfxj            =             83.956 ;
posbpm1            =             21.853 ;
posbpm2            =             33.073 ;
posbpm3            =             43.858 ;
posbpm4            =             54.643 ;
posbpm5            =             65.743 ;
posbpm6            =             73.697 ;
posbpm7            =             86.845 ;
posbpm1            =             21.853 ;
posbpm2            =             33.073 ;
posbpm3            =             43.858 ;
posbpm4            =             54.643 ;
posbpm5            =             65.743 ;
posbpm6            =             73.697 ;
posbpm7            =             86.845 ;
posd1              =             77.782 ;
posd2              =            142.513 ;
posd2-posd1        =             64.731 ;
posmcbrda          =            147.713 ;
posmcbrdb          =            149.968 ;
ad1.lr1            =     0.001498508093 ;
l.mbxf             =               6.27 ;
ad1.lr1/l.mbxf*brho =        5.580305347 ;
ad1.lr1*brho       =        34.98851453 ;
ad2.l1             =     0.001498508093 ;
l.mbrd             =               7.78 ;
ad2.l1/l.mbrd*brho =        4.497238371 ;
ad2.l1*brho        =        34.98851453 ;
posd2              =            142.513 ;
posbpmwq           =           136.7955 ;
posmcbrda          =            147.713 ;
posmcbrdb          =            149.968 ;
posmcbrdb          =            149.968 ;
posmcbrda          =            147.713 ;
posq4              =              179.6 ;
posmcby.a4         =            177.252 ;
posmcby.b4         =            176.015 ;
posmcby.c4         =            174.778 ;
posmcby.d4         =            173.541 ;
posbpmya.4         =            182.104 ;
posq4              =              179.6 ;
posmcby.c4         =            174.778 ;
posmcby.d4         =            173.541 ;
posmcby.d4         =            173.541 ;
posmcby.c4         =            174.778 ;
posmcby.a4         =            177.252 ;
posmcby.b4         =            176.015 ;
posmcby.b4         =            176.015 ;
posmcby.a4         =            177.252 ;
posq5              =             207.49 ;
posq5              =             207.49 ;
dposbpmy.5         =              2.674 ;
dposmcby.b5        =              2.522 ;
dposmcby.5         =              3.818 ;
dposmcby.a5        =              5.114 ;
posq6              =             228.39 ;
dposmcbc           =              3.042 ;
dposbpm            =              3.145 ;
posq6              =             228.39 ;
posmsq10           =              2.745 ;
posmcbq10          =              3.338 ;
on_cutms.10        =                  0 ;
on_cutms.14        =                  0 ;
++++++ warning: ignored because of unknown element: acfca.al5.b1
++++++ warning: ignored because of unknown element: acfca.ar5.b1
++++++ warning: ignored because of unknown element: acfca.al1.b1
++++++ warning: ignored because of unknown element: acfca.ar1.b1
++++++ warning: ignored because of unknown element: vacfca.al5.b1
++++++ warning: ignored because of unknown element: vacfca.ar5.b1
++++++ warning: ignored because of unknown element: vacfca.al1.b1
++++++ warning: ignored because of unknown element: vacfca.ar1.b1
++++++ warning: ignored because of unknown element: acfca.al5.b2
++++++ warning: ignored because of unknown element: acfca.ar5.b2
++++++ warning: ignored because of unknown element: acfca.al1.b2
++++++ warning: ignored because of unknown element: acfca.ar1.b2
++++++ warning: ignored because of unknown element: vacfca.al5.b2
++++++ warning: ignored because of unknown element: vacfca.ar5.b2
++++++ warning: ignored because of unknown element: vacfca.al1.b2
++++++ warning: ignored because of unknown element: vacfca.ar1.b2
++++++ warning: ignored because of unknown element: acfca.bl5.b1
++++++ warning: ignored because of unknown element: acfca.br5.b1
++++++ warning: ignored because of unknown element: acfca.bl1.b1
++++++ warning: ignored because of unknown element: acfca.br1.b1
++++++ warning: ignored because of unknown element: vacfca.bl5.b1
++++++ warning: ignored because of unknown element: vacfca.br5.b1
++++++ warning: ignored because of unknown element: vacfca.bl1.b1
++++++ warning: ignored because of unknown element: vacfca.br1.b1
++++++ warning: ignored because of unknown element: acfca.bl5.b2
++++++ warning: ignored because of unknown element: acfca.br5.b2
++++++ warning: ignored because of unknown element: acfca.bl1.b2
++++++ warning: ignored because of unknown element: acfca.br1.b2
++++++ warning: ignored because of unknown element: vacfca.bl5.b2
++++++ warning: ignored because of unknown element: vacfca.br5.b2
++++++ warning: ignored because of unknown element: vacfca.bl1.b2
++++++ warning: ignored because of unknown element: vacfca.br1.b2
++++++ warning: ignored because of unknown element: acfca.cl5.b1
++++++ warning: ignored because of unknown element: acfca.cr5.b1
++++++ warning: ignored because of unknown element: acfca.cl1.b1
++++++ warning: ignored because of unknown element: acfca.cr1.b1
++++++ warning: ignored because of unknown element: vacfca.cl5.b1
++++++ warning: ignored because of unknown element: vacfca.cr5.b1
++++++ warning: ignored because of unknown element: vacfca.cl1.b1
++++++ warning: ignored because of unknown element: vacfca.cr1.b1
++++++ warning: ignored because of unknown element: acfca.cl5.b2
++++++ warning: ignored because of unknown element: acfca.cr5.b2
++++++ warning: ignored because of unknown element: acfca.cl1.b2
++++++ warning: ignored because of unknown element: acfca.cr1.b2
++++++ warning: ignored because of unknown element: vacfca.cl5.b2
++++++ warning: ignored because of unknown element: vacfca.cr5.b2
++++++ warning: ignored because of unknown element: vacfca.cl1.b2
++++++ warning: ignored because of unknown element: vacfca.cr1.b2
++++++ warning: ignored because of unknown element: acfca.dl5.b1
++++++ warning: ignored because of unknown element: acfca.dr5.b1
++++++ warning: ignored because of unknown element: acfca.dl1.b1
++++++ warning: ignored because of unknown element: acfca.dr1.b1
++++++ warning: ignored because of unknown element: vacfca.dl5.b1
++++++ warning: ignored because of unknown element: vacfca.dr5.b1
++++++ warning: ignored because of unknown element: vacfca.dl1.b1
++++++ warning: ignored because of unknown element: vacfca.dr1.b1
++++++ warning: ignored because of unknown element: acfca.dl5.b2
++++++ warning: ignored because of unknown element: acfca.dr5.b2
++++++ warning: ignored because of unknown element: acfca.dl1.b2
++++++ warning: ignored because of unknown element: acfca.dr1.b2
++++++ warning: ignored because of unknown element: vacfca.dl5.b2
++++++ warning: ignored because of unknown element: vacfca.dr5.b2
++++++ warning: ignored because of unknown element: vacfca.dl1.b2
++++++ warning: ignored because of unknown element: vacfca.dr1.b2
poscraba1          =            154.817 ;
poscrabb1          =            155.867 ;
poscrabc1          =            162.257 ;
poscrabd1          =            163.307 ;
poscraba2          =            158.637 ;
poscrabb2          =            159.687 ;
poscrabc2          =            166.077 ;
poscrabd2          =            167.127 ;
poscraba1          =            154.817 ;
poscraba2          =            158.637 ;
poscrabb1          =            155.867 ;
poscrabb2          =            159.687 ;
poscrabc1          =            162.257 ;
poscrabc2          =            166.077 ;
poscrabd1          =            163.307 ;
poscrabd2          =            167.127 ;
postclmb.4c        =            170.756 ;
postclmb.4c        =            170.756 ;
postclmb.5c        =            199.591 ;
postclmb.5c        =            199.591 ;
postclmc.6c        =            222.567 ;
postclmc.6q        =            223.174 ;
postaxn            =            128.801 ;
postctv            =            131.949 ;
postctxh           =             133.95 ;
postclx            =            135.707 ;
postcl.5c          =            197.581 ;
postcl.5q          =             201.19 ;
postcl.6c          =            220.557 ;
postcl.6q          =            221.164 ;
posapwl1           =            168.118 ;
posapwl2           =            167.518 ;
postaxn            =            128.801 ;
installing MBH in Q8  IR7 in the ARC68
mbh_hsag           =    0.0008765610438 ;
g_mbh              =            0.01715 ;
r_mbh              =      0.02112343896 ;
pos_mbr            =         292.394742 ;
pos_mbl            =        -292.394742 ;
++++++ warning: ignored because of unknown element: mbh.a8r7.b1
++++++ warning: ignored because of unknown element: mbh.a8l7.b1
++++++ warning: ignored because of unknown element: s.tcld.8r7.b1
++++++ warning: ignored because of unknown element: tcld.8r7.b1
++++++ warning: ignored because of unknown element: e.tcld.8r7.b1
++++++ warning: ignored because of unknown element: mbh.b8r7.b1
++++++ warning: ignored because of unknown element: mbh.b8l7.b1
++++++ info: seqedit - number of elements installed:  7
++++++ info: seqedit - number of elements moved:      0
++++++ info: seqedit - number of elements removed:    2
++++++ info: seqedit - number of elements replaced:   0
++++++ info: pos_mbl redefined
++++++ info: pos_mbr redefined
++++++ warning: ignored because of unknown element: mbh.a8l7.b2
++++++ warning: ignored because of unknown element: mbh.a8r7.b2
++++++ warning: ignored because of unknown element: s.tcld.8l7.b2
++++++ warning: ignored because of unknown element: s.tcld.8r7.b2
++++++ warning: ignored because of unknown element: tcld.8l7.b2
++++++ warning: ignored because of unknown element: tcld.8r7.b2
++++++ warning: ignored because of unknown element: e.tcld.8l7.b2
++++++ warning: ignored because of unknown element: e.tcld.8r7.b2
++++++ warning: ignored because of unknown element: mbh.b8l7.b2
++++++ warning: ignored because of unknown element: mbh.b8r7.b2
++++++ info: seqedit - number of elements installed:  7
++++++ info: seqedit - number of elements moved:      0
++++++ info: seqedit - number of elements removed:    2
++++++ info: seqedit - number of elements replaced:   0
enter Twiss module
  
iteration:   1 error:   0.000000E+00 deltap:   0.000000E+00
orbit:   0.000000E+00  0.000000E+00  0.000000E+00  0.000000E+00  0.000000E+00  0.000000E+00

++++++ table: summ

length orbit5 alfa gammatr 
26658.883199999 -0 0.000345377204713421 53.8087824065671 

q1 dq1 betxmax dxmax 
62.3099999999369 2.00000000001117 595.05069977436 2.71624877591976 

dxrms xcomax xcorms q2 
1.48524617825538 0 0 60.3199999999539 

dq2 betymax dymax dyrms 
1.9999999999972 598.035334940858 -0 0 

ycomax ycorms deltap synch_1 
0 0 0 0 

synch_2 synch_3 synch_4 synch_5 
0 0 0 0 

nflips 
0 
refbetxip1b1       = 5.99999999998808 ;
refbetyip1b1       = 5.99999999999055 ;
refbetxip5b1       = 6.0000000000125 ;
refbetyip5b1       = 5.99999999998705 ;
refbetxip2b1       = 10.0000000000315 ;
refbetyip2b1       = 10.0000000000238 ;
refbetxip8b1       = 9.99999999997702 ;
refbetyip8b1       = 10.00000000003 ;
refqxb1            = 62.3099999999369 ;
refqyb1            = 60.3199999999539 ;
refdqxb1           = 2.00000000001117 ;
refdqyb1           = 1.9999999999972 ;
refxip1b1          = 0 ;
refyip1b1          = 0 ;
refxip5b1          = 0 ;
refyip5b1          = 0 ;
refxip2b1          = 0 ;
refyip2b1          = 0 ;
refxip8b1          = 0 ;
refyip8b1          = 0 ;
refpxip1b1         = 0 ;
refpyip1b1         = 0 ;
refpxip5b1         = 0 ;
refpyip5b1         = 0 ;
refpxip2b1         = 0 ;
refpyip2b1         = 0 ;
refpxip8b1         = 0 ;
refpyip8b1         = 0 ;
enter Twiss module
  
iteration:   1 error:   0.000000E+00 deltap:   0.000000E+00
orbit:   0.000000E+00  0.000000E+00  0.000000E+00  0.000000E+00  0.000000E+00  0.000000E+00

++++++ table: summ

length orbit5 alfa gammatr 
26658.883199999 -0 0.000344673017399775 53.8637216187239 

q1 dq1 betxmax dxmax 
62.3100000000763 1.99999999999923 600.44602563384 2.74172372571285 

dxrms xcomax xcorms q2 
1.48481113073785 0 0 60.3199999999998 

dq2 betymax dymax dyrms 
1.99999999999885 597.31206230882 0 0 

ycomax ycorms deltap synch_1 
0 0 0 0 

synch_2 synch_3 synch_4 synch_5 
0 0 0 0 

nflips 
0 
refbetxip1b2       = 5.99999999998978 ;
refbetyip1b2       = 5.99999999998037 ;
refbetxip5b2       = 6.00000000002029 ;
refbetyip5b2       = 5.99999999997532 ;
refbetxip2b2       = 9.99999999997006 ;
refbetyip2b2       = 9.99999999999964 ;
refbetxip8b2       = 10.0000000000305 ;
refbetyip8b2       = 9.99999999995735 ;
refqxb2            = 62.3100000000763 ;
refqyb2            = 60.3199999999998 ;
refdqxb2           = 1.99999999999923 ;
refdqyb2           = 1.99999999999885 ;
refxip1b2          = 0 ;
refyip1b2          = 0 ;
refxip5b2          = 0 ;
refyip5b2          = 0 ;
refxip2b2          = 0 ;
refyip2b2          = 0 ;
refxip8b2          = 0 ;
refyip8b2          = 0 ;
refpxip1b2         = 0 ;
refpyip1b2         = 0 ;
refpxip5b2         = 0 ;
refpyip5b2         = 0 ;
refpxip2b2         = 0 ;
refpyip2b2         = 0 ;
refpxip8b2         = 0 ;
refpyip8b2         = 0 ;

  Number of warnings: 113
113 in C and 0 in Fortran

  ++++++++++++++++++++++++++++++++++++++++++++
  +          MAD-X finished normally         +
  ++++++++++++++++++++++++++++++++++++++++++++
